TpTrace Verbose: 0 : 37100, 1, 2022/05/03, 15:23:00.856, 3780261660641, datacollector.dll, Version: 16.11.0
TpTrace Information: 0 : 37100, 1, 2022/05/03, 15:23:00.870, 3780261723206, datacollector.dll, DataCollectorMain.Run: Starting data collector run with args: --port,53635,--parentprocessid,37712,--diag,C:\Users\Rodolfo AC\Documents\ASP.NET Core 3.1\Github Public Projects\Seed.API\SpecFlowStrategy\bin\Debug\net5.0\fine-code-coverage\coverage-tool-output\diagnostics.datacollector.22-05-03_15-23-00_53875_4.log,--tracelevel,4
TpTrace Information: 0 : 37100, 1, 2022/05/03, 15:23:00.871, 3780261736163, datacollector.dll, DataCollector: Monitoring parent process with id: '37712'
TpTrace Information: 0 : 37100, 1, 2022/05/03, 15:23:00.888, 3780261909691, datacollector.dll, Trying to connect to server on socket : 127.0.0.1:53635 
TpTrace Verbose: 0 : 37100, 1, 2022/05/03, 15:23:00.950, 3780262526569, datacollector.dll, SocketCommunicationManager : SetupClientAsync : Attempting to connect to the server.
TpTrace Information: 0 : 37100, 4, 2022/05/03, 15:23:00.963, 3780262656307, datacollector.dll, Connected to the server successfully 
TpTrace Information: 0 : 37100, 4, 2022/05/03, 15:23:00.963, 3780262659194, datacollector.dll, Using the buffer size of 16384 bytes
TpTrace Information: 0 : 37100, 1, 2022/05/03, 15:23:01.094, 3780263967825, datacollector.dll, DataCollector: Start Request Processing.
TpTrace Information: 0 : 37100, 1, 2022/05/03, 15:23:01.101, 3780264036454, datacollector.dll, DataCollectionRequestHandler.ProcessRequests : Datacollector received message: (DataCollection.BeforeTestRunStart) -> {
  "SettingsXml": "<RunSettings><RunConfiguration><ResultsDirectory>C:\\Users\\Rodolfo AC\\Documents\\ASP.NET Core 3.1\\Github Public Projects\\Seed.API\\SpecFlowStrategy\\bin\\Debug\\net5.0\\fine-code-coverage\\coverage-tool-output</ResultsDirectory><TargetPlatform>X64</TargetPlatform><TargetFrameworkVersion>.NETCoreApp,Version=v5.0</TargetFrameworkVersion><DesignMode>False</DesignMode><CollectSourceInformation>False</CollectSourceInformation><TestAdaptersPaths>C:\\Program Files\\dotnet\\sdk\\5.0.403\\Extensions</TestAdaptersPaths></RunConfiguration><LoggerRunSettings><Loggers><Logger friendlyName=\"blame\" enabled=\"True\" /><Logger friendlyName=\"Console\" uri=\"logger://microsoft/TestPlatform/ConsoleLogger/v1\" assemblyQualifiedName=\"Microsoft.VisualStudio.TestPlatform.CommandLine.Internal.ConsoleLogger, vstest.console, Version=15.0.0.0, Culture=neutral, PublicKeyToken=b03f5f7f11d50a3a\" codeBase=\"C:\\Program Files\\dotnet\\sdk\\5.0.403\\vstest.console.dll\" enabled=\"True\" /></Loggers></LoggerRunSettings><DataCollectionRunSettings><DataCollectors><DataCollector friendlyName=\"blame\" enabled=\"True\"><Configuration><ResultsDirectory>C:\\Users\\Rodolfo AC\\Documents\\ASP.NET Core 3.1\\Github Public Projects\\Seed.API\\SpecFlowStrategy\\bin\\Debug\\net5.0\\fine-code-coverage\\coverage-tool-output</ResultsDirectory></Configuration></DataCollector></DataCollectors></DataCollectionRunSettings></RunSettings>",
  "Sources": [
    "C:\\Users\\Rodolfo AC\\Documents\\ASP.NET Core 3.1\\Github Public Projects\\Seed.API\\SpecFlowStrategy\\bin\\Debug\\net5.0\\fine-code-coverage\\build-output\\SpecFlowStrategy.dll"
  ],
  "IsTelemetryOptedIn": false
}
TpTrace Verbose: 0 : 37100, 1, 2022/05/03, 15:23:01.179, 3780264814082, datacollector.dll, TestPluginCache: Update extensions started. Skip filter = False
TpTrace Verbose: 0 : 37100, 1, 2022/05/03, 15:23:01.181, 3780264832132, datacollector.dll, TestPluginCache: Using directories for assembly resolution 'C:\Program Files\dotnet\sdk\5.0.403\Extensions'.
TpTrace Verbose: 0 : 37100, 1, 2022/05/03, 15:23:01.181, 3780264833737, datacollector.dll, TestPluginCache: Updated the available extensions to 'C:\Program Files\dotnet\sdk\5.0.403\Extensions\Microsoft.TestPlatform.Extensions.BlameDataCollector.dll,C:\Program Files\dotnet\sdk\5.0.403\Extensions\Microsoft.TestPlatform.Extensions.EventLogCollector.dll'.
TpTrace Verbose: 0 : 37100, 1, 2022/05/03, 15:23:01.189, 3780264919597, datacollector.dll, TestPluginCache.DiscoverTestExtensions: finding test extensions in assemblies ends with: Collector.dll TPluginInfo: Microsoft.VisualStudio.TestPlatform.Common.DataCollector.DataCollectorConfig TExtension: Microsoft.VisualStudio.TestPlatform.ObjectModel.DataCollection.DataCollector
TpTrace Verbose: 0 : 37100, 1, 2022/05/03, 15:23:01.190, 3780264922319, datacollector.dll, TestPluginCache.GetExtensionPaths: Filtered extension paths: C:\Program Files\dotnet\sdk\5.0.403\Extensions\Microsoft.TestPlatform.Extensions.BlameDataCollector.dll
C:\Program Files\dotnet\sdk\5.0.403\Extensions\Microsoft.TestPlatform.Extensions.EventLogCollector.dll
TpTrace Verbose: 0 : 37100, 1, 2022/05/03, 15:23:01.190, 3780264923095, datacollector.dll, TestPluginCache.GetExtensionPaths: Added default extension paths: 
TpTrace Verbose: 0 : 37100, 1, 2022/05/03, 15:23:01.190, 3780264923532, datacollector.dll, TestPluginCache.GetExtensionPaths: Added unfilterableExtensionPaths: 
TpTrace Information: 0 : 37100, 1, 2022/05/03, 15:23:01.190, 3780264930495, datacollector.dll, AssemblyResolver.ctor: Creating AssemblyResolver with searchDirectories C:\Program Files\dotnet\sdk\5.0.403\Extensions,C:\Program Files\dotnet\sdk\5.0.403
TpTrace Verbose: 0 : 37100, 1, 2022/05/03, 15:23:01.192, 3780264950181, datacollector.dll, TestPluginCache.DiscoverTestExtensions: Discovering the extensions using extension path.
TpTrace Verbose: 0 : 37100, 1, 2022/05/03, 15:23:01.193, 3780264952157, datacollector.dll, TestPluginCache.GetExtensionPaths: Filtered extension paths: C:\Program Files\dotnet\sdk\5.0.403\Extensions\Microsoft.TestPlatform.Extensions.BlameDataCollector.dll
C:\Program Files\dotnet\sdk\5.0.403\Extensions\Microsoft.TestPlatform.Extensions.EventLogCollector.dll
TpTrace Verbose: 0 : 37100, 1, 2022/05/03, 15:23:01.193, 3780264952769, datacollector.dll, TestPluginCache.GetExtensionPaths: Added default extension paths: 
TpTrace Verbose: 0 : 37100, 1, 2022/05/03, 15:23:01.193, 3780264953187, datacollector.dll, TestPluginCache.GetExtensionPaths: Added unfilterableExtensionPaths: 
TpTrace Verbose: 0 : 37100, 1, 2022/05/03, 15:23:01.193, 3780264953942, datacollector.dll, TestPluginCache.DiscoverTestExtensions: Discovering the extensions using allExtensionPaths: C:\Program Files\dotnet\sdk\5.0.403\Extensions\Microsoft.TestPlatform.Extensions.BlameDataCollector.dll
C:\Program Files\dotnet\sdk\5.0.403\Extensions\Microsoft.TestPlatform.Extensions.EventLogCollector.dll
TpTrace Information: 0 : 37100, 1, 2022/05/03, 15:23:01.193, 3780264955114, datacollector.dll, AssemblyResolver.AddSearchDirectories: Adding more searchDirectories C:\Program Files\dotnet\sdk\5.0.403\Extensions,C:\Program Files\dotnet\sdk\5.0.403
TpTrace Information: 0 : 37100, 1, 2022/05/03, 15:23:01.193, 3780264955990, datacollector.dll, AssemblyResolver.AddSearchDirectories: Adding more searchDirectories C:\Program Files\dotnet\sdk\5.0.403\Extensions,C:\Program Files\dotnet\sdk\5.0.403
TpTrace Information: 0 : 37100, 1, 2022/05/03, 15:23:01.193, 3780264960901, datacollector.dll, AssemblyResolver.OnResolve: Microsoft.TestPlatform.Extensions.BlameDataCollector: Resolving assembly.
TpTrace Information: 0 : 37100, 1, 2022/05/03, 15:23:01.194, 3780264961736, datacollector.dll, AssemblyResolver.OnResolve: Microsoft.TestPlatform.Extensions.BlameDataCollector: Searching in: 'C:\Program Files\dotnet\sdk\5.0.403\Extensions'.
TpTrace Information: 0 : 37100, 1, 2022/05/03, 15:23:01.195, 3780264973456, datacollector.dll, AssemblyResolver.OnResolve: Microsoft.TestPlatform.Extensions.BlameDataCollector: Loading assembly 'C:\Program Files\dotnet\sdk\5.0.403\Extensions\Microsoft.TestPlatform.Extensions.BlameDataCollector.dll'.
TpTrace Information: 0 : 37100, 1, 2022/05/03, 15:23:01.196, 3780264988721, datacollector.dll, AssemblyResolver.OnResolve: Resolved assembly: Microsoft.TestPlatform.Extensions.BlameDataCollector, from path: C:\Program Files\dotnet\sdk\5.0.403\Extensions\Microsoft.TestPlatform.Extensions.BlameDataCollector.dll
TpTrace Error: 0 : 37100, 1, 2022/05/03, 15:23:01.198, 3780265003285, datacollector.dll, The type "Microsoft.TestPlatform.Extensions.BlameDataCollector.BlameCollector" defined in "Microsoft.TestPlatform.Extensions.BlameDataCollector.dll" does not have ExtensionUri attribute.
TpTrace Information: 0 : 37100, 1, 2022/05/03, 15:23:01.200, 3780265021921, datacollector.dll, AssemblyResolver.OnResolve: Microsoft.TestPlatform.Extensions.EventLogCollector: Resolving assembly.
TpTrace Information: 0 : 37100, 1, 2022/05/03, 15:23:01.200, 3780265022943, datacollector.dll, AssemblyResolver.OnResolve: Microsoft.TestPlatform.Extensions.EventLogCollector: Searching in: 'C:\Program Files\dotnet\sdk\5.0.403\Extensions'.
TpTrace Information: 0 : 37100, 1, 2022/05/03, 15:23:01.200, 3780265029526, datacollector.dll, AssemblyResolver.OnResolve: Microsoft.TestPlatform.Extensions.EventLogCollector: Loading assembly 'C:\Program Files\dotnet\sdk\5.0.403\Extensions\Microsoft.TestPlatform.Extensions.EventLogCollector.dll'.
TpTrace Information: 0 : 37100, 1, 2022/05/03, 15:23:01.201, 3780265037358, datacollector.dll, AssemblyResolver.OnResolve: Resolved assembly: Microsoft.TestPlatform.Extensions.EventLogCollector, from path: C:\Program Files\dotnet\sdk\5.0.403\Extensions\Microsoft.TestPlatform.Extensions.EventLogCollector.dll
TpTrace Error: 0 : 37100, 1, 2022/05/03, 15:23:01.204, 3780265061958, datacollector.dll, The type "Microsoft.TestPlatform.Extensions.EventLogCollector.EventLogDataCollector" defined in "Microsoft.TestPlatform.Extensions.EventLogCollector.dll" does not have ExtensionUri attribute.
TpTrace Verbose: 0 : 37100, 1, 2022/05/03, 15:23:01.204, 3780265066255, datacollector.dll, TestPluginCache: Discovered the extensions using extension path 'C:\Program Files\dotnet\sdk\5.0.403\Extensions\Microsoft.TestPlatform.Extensions.BlameDataCollector.dll,C:\Program Files\dotnet\sdk\5.0.403\Extensions\Microsoft.TestPlatform.Extensions.EventLogCollector.dll'.
TpTrace Verbose: 0 : 37100, 1, 2022/05/03, 15:23:01.204, 3780265066977, datacollector.dll, TestPluginCache: Discoverers are ''.
TpTrace Verbose: 0 : 37100, 1, 2022/05/03, 15:23:01.204, 3780265067407, datacollector.dll, TestPluginCache: Executors are ''.
TpTrace Verbose: 0 : 37100, 1, 2022/05/03, 15:23:01.204, 3780265067788, datacollector.dll, TestPluginCache: Executors2 are ''.
TpTrace Verbose: 0 : 37100, 1, 2022/05/03, 15:23:01.204, 3780265068302, datacollector.dll, TestPluginCache: Setting providers are ''.
TpTrace Verbose: 0 : 37100, 1, 2022/05/03, 15:23:01.204, 3780265068826, datacollector.dll, TestPluginCache: Loggers are ''.
TpTrace Information: 0 : 37100, 1, 2022/05/03, 15:23:01.207, 3780265093653, datacollector.dll, TestPluginManager.CreateTestExtension: Attempting to load test extension: Microsoft.TestPlatform.Extensions.BlameDataCollector.BlameCollector
TpTrace Error: 0 : 37100, 1, 2022/05/03, 15:23:01.208, 3780265103738, datacollector.dll, The type "Microsoft.TestPlatform.Extensions.BlameDataCollector.BlameCollector" defined in "Microsoft.TestPlatform.Extensions.BlameDataCollector.dll" does not have ExtensionUri attribute.
TpTrace Information: 0 : 37100, 1, 2022/05/03, 15:23:01.219, 3780265215615, datacollector.dll, Listening on Endpoint : 127.0.0.1:53637
TpTrace Information: 0 : 37100, 1, 2022/05/03, 15:23:01.233, 3780265360255, datacollector.dll, DataCollectionRequestHandler.ProcessRequests : DataCollection started.
TpTrace Information: 0 : 37100, 1, 2022/05/03, 15:23:01.264, 3780265663946, datacollector.dll, DataCollectionRequestHandler.ProcessRequests : Datacollector received message: (DataCollection.TestHostLaunched) -> {
  "ProcessId": 33204
}
TpTrace Information: 0 : 37100, 6, 2022/05/03, 15:23:01.678, 3780269807928, datacollector.dll, Using the buffer size of 16384 bytes
TpTrace Information: 0 : 37100, 6, 2022/05/03, 15:23:01.678, 3780269809344, datacollector.dll, Accepted Client request and set the flag
TpTrace Information: 0 : 37100, 4, 2022/05/03, 15:23:03.355, 3780286572519, datacollector.dll, DataCollectionTestCaseEventHandler: Test case starting.
TpTrace Information: 0 : 37100, 4, 2022/05/03, 15:23:03.451, 3780287540082, datacollector.dll, Blame Collector : Test Case Start
TpTrace Information: 0 : 37100, 4, 2022/05/03, 15:23:03.458, 3780287603189, datacollector.dll, DataCollectionTestCaseEventHandler: Test case 'PerformAddingNewEmployee - 89d368e1-db0e-a76f-77c7-ff600b9769bb' started.
TpTrace Information: 0 : 37100, 4, 2022/05/03, 15:24:04.256, 3780895587615, datacollector.dll, DataCollectionTestCaseEventHandler : Test case completing.
TpTrace Information: 0 : 37100, 4, 2022/05/03, 15:24:04.261, 3780895636899, datacollector.dll, Blame Collector : Test Case End
TpTrace Information: 0 : 37100, 4, 2022/05/03, 15:24:04.265, 3780895672925, datacollector.dll, DataCollectionTestCaseEventHandler: Test case 'PerformAddingNewEmployee - 89d368e1-db0e-a76f-77c7-ff600b9769bb' completed
TpTrace Information: 0 : 37100, 4, 2022/05/03, 15:24:04.284, 3780895864893, datacollector.dll, DataCollectionTestCaseEventHandler: Test case starting.
TpTrace Information: 0 : 37100, 4, 2022/05/03, 15:24:04.284, 3780895868296, datacollector.dll, Blame Collector : Test Case Start
TpTrace Information: 0 : 37100, 4, 2022/05/03, 15:24:04.284, 3780895869576, datacollector.dll, DataCollectionTestCaseEventHandler: Test case 'PerformAllEmployeesList - 15713bcb-428b-1372-5348-f0946989e4ad' started.
TpTrace Information: 0 : 37100, 4, 2022/05/03, 15:24:22.901, 3781082038523, datacollector.dll, DataCollectionTestCaseEventHandler : Test case completing.
TpTrace Information: 0 : 37100, 4, 2022/05/03, 15:24:22.902, 3781082050474, datacollector.dll, Blame Collector : Test Case End
TpTrace Information: 0 : 37100, 4, 2022/05/03, 15:24:22.903, 3781082055141, datacollector.dll, DataCollectionTestCaseEventHandler: Test case 'PerformAllEmployeesList - 15713bcb-428b-1372-5348-f0946989e4ad' completed
TpTrace Information: 0 : 37100, 4, 2022/05/03, 15:24:22.987, 3781082896910, datacollector.dll, DataCollectionTestCaseEventHandler: Test session ended
TpTrace Information: 0 : 37100, 1, 2022/05/03, 15:24:23.668, 3781089703132, datacollector.dll, DataCollectionRequestHandler.ProcessRequests : Datacollector received message: (DataCollection.AfterTestRunEnd) -> false
TpTrace Information: 0 : 37100, 1, 2022/05/03, 15:24:23.672, 3781089743602, datacollector.dll, Blame Collector : Session End
TpTrace Information: 0 : 37100, 1, 2022/05/03, 15:24:23.672, 3781089745738, datacollector.dll, BlameCollector.CollectDumpAndAbortTesthost: Custom path to dump directory was provided via VSTEST_DUMP_PATH. Skipping attachment upload, the caller is responsible for collecting and uploading the dumps themselves.
TpTrace Information: 0 : 37100, 1, 2022/05/03, 15:24:23.672, 3781089749178, datacollector.dll, DataCollectionManager.CleanupPlugins: CleanupPlugins called
TpTrace Verbose: 0 : 37100, 1, 2022/05/03, 15:24:23.672, 3781089750169, datacollector.dll, DataCollectionManager.CleanupPlugins: Cleaning up 1 plugins
TpTrace Verbose: 0 : 37100, 1, 2022/05/03, 15:24:23.673, 3781089753320, datacollector.dll, dataCollectorInfo.DisposeDataCollector: calling Dispose() on Microsoft.TestPlatform.Extensions.BlameDataCollector.BlameCollector
TpTrace Information: 0 : 37100, 1, 2022/05/03, 15:24:23.673, 3781089755100, datacollector.dll, DataCollectionManager.CleanupPlugins: CleanupPlugins finished
TpTrace Information: 0 : 37100, 1, 2022/05/03, 15:24:23.680, 3781089829053, datacollector.dll, DataCollectionRequestHandler.ProcessRequests : Session End message received from server. Closing the connection.
TpTrace Information: 0 : 37100, 1, 2022/05/03, 15:24:23.681, 3781089833871, datacollector.dll, Closing the connection !
TpTrace Information: 0 : 37100, 1, 2022/05/03, 15:24:23.681, 3781089834911, datacollector.dll, DataCollectionRequestHandler.ProcessRequests : DataCollection completed
TpTrace Information: 0 : 37100, 1, 2022/05/03, 15:24:23.681, 3781089835701, datacollector.dll, Program.Main: exiting datacollector process.
