TpTrace Verbose: 0 : 34276, 1, 2022/05/03, 14:15:41.837, 3739871432219, datacollector.dll, Version: 16.11.0
TpTrace Information: 0 : 34276, 1, 2022/05/03, 14:15:41.843, 3739871460261, datacollector.dll, DataCollectorMain.Run: Starting data collector run with args: --port,64497,--parentprocessid,27408,--diag,C:\Users\Rodolfo AC\Documents\ASP.NET Core 3.1\Github Public Projects\Seed.API\SpecFlowStrategy\bin\Debug\net5.0\fine-code-coverage\coverage-tool-output\diagnostics.datacollector.22-05-03_14-15-41_62630_4.log,--tracelevel,4
TpTrace Information: 0 : 34276, 1, 2022/05/03, 14:15:41.844, 3739871464470, datacollector.dll, DataCollector: Monitoring parent process with id: '27408'
TpTrace Information: 0 : 34276, 1, 2022/05/03, 14:15:41.854, 3739871567043, datacollector.dll, Trying to connect to server on socket : 127.0.0.1:64497 
TpTrace Verbose: 0 : 34276, 1, 2022/05/03, 14:15:41.886, 3739871888351, datacollector.dll, SocketCommunicationManager : SetupClientAsync : Attempting to connect to the server.
TpTrace Information: 0 : 34276, 5, 2022/05/03, 14:15:41.898, 3739872009026, datacollector.dll, Connected to the server successfully 
TpTrace Information: 0 : 34276, 5, 2022/05/03, 14:15:41.898, 3739872010000, datacollector.dll, Using the buffer size of 16384 bytes
TpTrace Information: 0 : 34276, 1, 2022/05/03, 14:15:41.983, 3739872852083, datacollector.dll, DataCollector: Start Request Processing.
TpTrace Information: 0 : 34276, 1, 2022/05/03, 14:15:41.987, 3739872894595, datacollector.dll, DataCollectionRequestHandler.ProcessRequests : Datacollector received message: (DataCollection.BeforeTestRunStart) -> {
  "SettingsXml": "<RunSettings><RunConfiguration><ResultsDirectory>C:\\Users\\Rodolfo AC\\Documents\\ASP.NET Core 3.1\\Github Public Projects\\Seed.API\\SpecFlowStrategy\\bin\\Debug\\net5.0\\fine-code-coverage\\coverage-tool-output</ResultsDirectory><TargetPlatform>X64</TargetPlatform><TargetFrameworkVersion>.NETCoreApp,Version=v5.0</TargetFrameworkVersion><DesignMode>False</DesignMode><CollectSourceInformation>False</CollectSourceInformation><TestAdaptersPaths>C:\\Program Files\\dotnet\\sdk\\5.0.403\\Extensions</TestAdaptersPaths></RunConfiguration><LoggerRunSettings><Loggers><Logger friendlyName=\"blame\" enabled=\"True\" /><Logger friendlyName=\"Console\" uri=\"logger://microsoft/TestPlatform/ConsoleLogger/v1\" assemblyQualifiedName=\"Microsoft.VisualStudio.TestPlatform.CommandLine.Internal.ConsoleLogger, vstest.console, Version=15.0.0.0, Culture=neutral, PublicKeyToken=b03f5f7f11d50a3a\" codeBase=\"C:\\Program Files\\dotnet\\sdk\\5.0.403\\vstest.console.dll\" enabled=\"True\" /></Loggers></LoggerRunSettings><DataCollectionRunSettings><DataCollectors><DataCollector friendlyName=\"blame\" enabled=\"True\"><Configuration><ResultsDirectory>C:\\Users\\Rodolfo AC\\Documents\\ASP.NET Core 3.1\\Github Public Projects\\Seed.API\\SpecFlowStrategy\\bin\\Debug\\net5.0\\fine-code-coverage\\coverage-tool-output</ResultsDirectory></Configuration></DataCollector></DataCollectors></DataCollectionRunSettings></RunSettings>",
  "Sources": [
    "C:\\Users\\Rodolfo AC\\Documents\\ASP.NET Core 3.1\\Github Public Projects\\Seed.API\\SpecFlowStrategy\\bin\\Debug\\net5.0\\fine-code-coverage\\build-output\\SpecFlowStrategy.dll"
  ],
  "IsTelemetryOptedIn": false
}
TpTrace Verbose: 0 : 34276, 1, 2022/05/03, 14:15:42.028, 3739873309122, datacollector.dll, TestPluginCache: Update extensions started. Skip filter = False
TpTrace Verbose: 0 : 34276, 1, 2022/05/03, 14:15:42.029, 3739873318030, datacollector.dll, TestPluginCache: Using directories for assembly resolution 'C:\Program Files\dotnet\sdk\5.0.403\Extensions'.
TpTrace Verbose: 0 : 34276, 1, 2022/05/03, 14:15:42.029, 3739873318936, datacollector.dll, TestPluginCache: Updated the available extensions to 'C:\Program Files\dotnet\sdk\5.0.403\Extensions\Microsoft.TestPlatform.Extensions.BlameDataCollector.dll,C:\Program Files\dotnet\sdk\5.0.403\Extensions\Microsoft.TestPlatform.Extensions.EventLogCollector.dll'.
TpTrace Verbose: 0 : 34276, 1, 2022/05/03, 14:15:42.039, 3739873414949, datacollector.dll, TestPluginCache.DiscoverTestExtensions: finding test extensions in assemblies ends with: Collector.dll TPluginInfo: Microsoft.VisualStudio.TestPlatform.Common.DataCollector.DataCollectorConfig TExtension: Microsoft.VisualStudio.TestPlatform.ObjectModel.DataCollection.DataCollector
TpTrace Verbose: 0 : 34276, 1, 2022/05/03, 14:15:42.039, 3739873417681, datacollector.dll, TestPluginCache.GetExtensionPaths: Filtered extension paths: C:\Program Files\dotnet\sdk\5.0.403\Extensions\Microsoft.TestPlatform.Extensions.BlameDataCollector.dll
C:\Program Files\dotnet\sdk\5.0.403\Extensions\Microsoft.TestPlatform.Extensions.EventLogCollector.dll
TpTrace Verbose: 0 : 34276, 1, 2022/05/03, 14:15:42.039, 3739873418542, datacollector.dll, TestPluginCache.GetExtensionPaths: Added default extension paths: 
TpTrace Verbose: 0 : 34276, 1, 2022/05/03, 14:15:42.039, 3739873418955, datacollector.dll, TestPluginCache.GetExtensionPaths: Added unfilterableExtensionPaths: 
TpTrace Information: 0 : 34276, 1, 2022/05/03, 14:15:42.040, 3739873425705, datacollector.dll, AssemblyResolver.ctor: Creating AssemblyResolver with searchDirectories C:\Program Files\dotnet\sdk\5.0.403\Extensions,C:\Program Files\dotnet\sdk\5.0.403
TpTrace Verbose: 0 : 34276, 1, 2022/05/03, 14:15:42.042, 3739873442298, datacollector.dll, TestPluginCache.DiscoverTestExtensions: Discovering the extensions using extension path.
TpTrace Verbose: 0 : 34276, 1, 2022/05/03, 14:15:42.042, 3739873443869, datacollector.dll, TestPluginCache.GetExtensionPaths: Filtered extension paths: C:\Program Files\dotnet\sdk\5.0.403\Extensions\Microsoft.TestPlatform.Extensions.BlameDataCollector.dll
C:\Program Files\dotnet\sdk\5.0.403\Extensions\Microsoft.TestPlatform.Extensions.EventLogCollector.dll
TpTrace Verbose: 0 : 34276, 1, 2022/05/03, 14:15:42.042, 3739873444533, datacollector.dll, TestPluginCache.GetExtensionPaths: Added default extension paths: 
TpTrace Verbose: 0 : 34276, 1, 2022/05/03, 14:15:42.042, 3739873444941, datacollector.dll, TestPluginCache.GetExtensionPaths: Added unfilterableExtensionPaths: 
TpTrace Verbose: 0 : 34276, 1, 2022/05/03, 14:15:42.042, 3739873445657, datacollector.dll, TestPluginCache.DiscoverTestExtensions: Discovering the extensions using allExtensionPaths: C:\Program Files\dotnet\sdk\5.0.403\Extensions\Microsoft.TestPlatform.Extensions.BlameDataCollector.dll
C:\Program Files\dotnet\sdk\5.0.403\Extensions\Microsoft.TestPlatform.Extensions.EventLogCollector.dll
TpTrace Information: 0 : 34276, 1, 2022/05/03, 14:15:42.042, 3739873446962, datacollector.dll, AssemblyResolver.AddSearchDirectories: Adding more searchDirectories C:\Program Files\dotnet\sdk\5.0.403\Extensions,C:\Program Files\dotnet\sdk\5.0.403
TpTrace Information: 0 : 34276, 1, 2022/05/03, 14:15:42.042, 3739873447811, datacollector.dll, AssemblyResolver.AddSearchDirectories: Adding more searchDirectories C:\Program Files\dotnet\sdk\5.0.403\Extensions,C:\Program Files\dotnet\sdk\5.0.403
TpTrace Information: 0 : 34276, 1, 2022/05/03, 14:15:42.043, 3739873452407, datacollector.dll, AssemblyResolver.OnResolve: Microsoft.TestPlatform.Extensions.BlameDataCollector: Resolving assembly.
TpTrace Information: 0 : 34276, 1, 2022/05/03, 14:15:42.043, 3739873453183, datacollector.dll, AssemblyResolver.OnResolve: Microsoft.TestPlatform.Extensions.BlameDataCollector: Searching in: 'C:\Program Files\dotnet\sdk\5.0.403\Extensions'.
TpTrace Information: 0 : 34276, 1, 2022/05/03, 14:15:42.044, 3739873461620, datacollector.dll, AssemblyResolver.OnResolve: Microsoft.TestPlatform.Extensions.BlameDataCollector: Loading assembly 'C:\Program Files\dotnet\sdk\5.0.403\Extensions\Microsoft.TestPlatform.Extensions.BlameDataCollector.dll'.
TpTrace Information: 0 : 34276, 1, 2022/05/03, 14:15:42.044, 3739873470870, datacollector.dll, AssemblyResolver.OnResolve: Resolved assembly: Microsoft.TestPlatform.Extensions.BlameDataCollector, from path: C:\Program Files\dotnet\sdk\5.0.403\Extensions\Microsoft.TestPlatform.Extensions.BlameDataCollector.dll
TpTrace Error: 0 : 34276, 1, 2022/05/03, 14:15:42.046, 3739873483802, datacollector.dll, The type "Microsoft.TestPlatform.Extensions.BlameDataCollector.BlameCollector" defined in "Microsoft.TestPlatform.Extensions.BlameDataCollector.dll" does not have ExtensionUri attribute.
TpTrace Information: 0 : 34276, 1, 2022/05/03, 14:15:42.047, 3739873500237, datacollector.dll, AssemblyResolver.OnResolve: Microsoft.TestPlatform.Extensions.EventLogCollector: Resolving assembly.
TpTrace Information: 0 : 34276, 1, 2022/05/03, 14:15:42.048, 3739873501161, datacollector.dll, AssemblyResolver.OnResolve: Microsoft.TestPlatform.Extensions.EventLogCollector: Searching in: 'C:\Program Files\dotnet\sdk\5.0.403\Extensions'.
TpTrace Information: 0 : 34276, 1, 2022/05/03, 14:15:42.048, 3739873508394, datacollector.dll, AssemblyResolver.OnResolve: Microsoft.TestPlatform.Extensions.EventLogCollector: Loading assembly 'C:\Program Files\dotnet\sdk\5.0.403\Extensions\Microsoft.TestPlatform.Extensions.EventLogCollector.dll'.
TpTrace Information: 0 : 34276, 1, 2022/05/03, 14:15:42.049, 3739873515958, datacollector.dll, AssemblyResolver.OnResolve: Resolved assembly: Microsoft.TestPlatform.Extensions.EventLogCollector, from path: C:\Program Files\dotnet\sdk\5.0.403\Extensions\Microsoft.TestPlatform.Extensions.EventLogCollector.dll
TpTrace Error: 0 : 34276, 1, 2022/05/03, 14:15:42.051, 3739873538535, datacollector.dll, The type "Microsoft.TestPlatform.Extensions.EventLogCollector.EventLogDataCollector" defined in "Microsoft.TestPlatform.Extensions.EventLogCollector.dll" does not have ExtensionUri attribute.
TpTrace Verbose: 0 : 34276, 1, 2022/05/03, 14:15:42.052, 3739873542491, datacollector.dll, TestPluginCache: Discovered the extensions using extension path 'C:\Program Files\dotnet\sdk\5.0.403\Extensions\Microsoft.TestPlatform.Extensions.BlameDataCollector.dll,C:\Program Files\dotnet\sdk\5.0.403\Extensions\Microsoft.TestPlatform.Extensions.EventLogCollector.dll'.
TpTrace Verbose: 0 : 34276, 1, 2022/05/03, 14:15:42.052, 3739873543133, datacollector.dll, TestPluginCache: Discoverers are ''.
TpTrace Verbose: 0 : 34276, 1, 2022/05/03, 14:15:42.052, 3739873543518, datacollector.dll, TestPluginCache: Executors are ''.
TpTrace Verbose: 0 : 34276, 1, 2022/05/03, 14:15:42.052, 3739873543864, datacollector.dll, TestPluginCache: Executors2 are ''.
TpTrace Verbose: 0 : 34276, 1, 2022/05/03, 14:15:42.052, 3739873544536, datacollector.dll, TestPluginCache: Setting providers are ''.
TpTrace Verbose: 0 : 34276, 1, 2022/05/03, 14:15:42.052, 3739873544919, datacollector.dll, TestPluginCache: Loggers are ''.
TpTrace Information: 0 : 34276, 1, 2022/05/03, 14:15:42.054, 3739873563619, datacollector.dll, TestPluginManager.CreateTestExtension: Attempting to load test extension: Microsoft.TestPlatform.Extensions.BlameDataCollector.BlameCollector
TpTrace Error: 0 : 34276, 1, 2022/05/03, 14:15:42.054, 3739873569620, datacollector.dll, The type "Microsoft.TestPlatform.Extensions.BlameDataCollector.BlameCollector" defined in "Microsoft.TestPlatform.Extensions.BlameDataCollector.dll" does not have ExtensionUri attribute.
TpTrace Information: 0 : 34276, 1, 2022/05/03, 14:15:42.066, 3739873690560, datacollector.dll, Listening on Endpoint : 127.0.0.1:64499
TpTrace Information: 0 : 34276, 1, 2022/05/03, 14:15:42.077, 3739873797706, datacollector.dll, DataCollectionRequestHandler.ProcessRequests : DataCollection started.
TpTrace Information: 0 : 34276, 1, 2022/05/03, 14:15:42.108, 3739874107433, datacollector.dll, DataCollectionRequestHandler.ProcessRequests : Datacollector received message: (DataCollection.TestHostLaunched) -> {
  "ProcessId": 33144
}
TpTrace Information: 0 : 34276, 6, 2022/05/03, 14:15:42.425, 3739877273547, datacollector.dll, Using the buffer size of 16384 bytes
TpTrace Information: 0 : 34276, 6, 2022/05/03, 14:15:42.425, 3739877274434, datacollector.dll, Accepted Client request and set the flag
TpTrace Information: 0 : 34276, 5, 2022/05/03, 14:15:43.764, 3739890667994, datacollector.dll, DataCollectionTestCaseEventHandler: Test case starting.
TpTrace Information: 0 : 34276, 5, 2022/05/03, 14:15:43.840, 3739891423182, datacollector.dll, Blame Collector : Test Case Start
TpTrace Information: 0 : 34276, 5, 2022/05/03, 14:15:43.843, 3739891457187, datacollector.dll, DataCollectionTestCaseEventHandler: Test case 'PerformAllEmployeesList - 15713bcb-428b-1372-5348-f0946989e4ad' started.
TpTrace Information: 0 : 34276, 5, 2022/05/03, 14:16:07.971, 3740132738711, datacollector.dll, DataCollectionTestCaseEventHandler : Test case completing.
TpTrace Information: 0 : 34276, 5, 2022/05/03, 14:16:07.974, 3740132769640, datacollector.dll, Blame Collector : Test Case End
TpTrace Information: 0 : 34276, 5, 2022/05/03, 14:16:07.977, 3740132800655, datacollector.dll, DataCollectionTestCaseEventHandler: Test case 'PerformAllEmployeesList - 15713bcb-428b-1372-5348-f0946989e4ad' completed
TpTrace Information: 0 : 34276, 5, 2022/05/03, 14:16:07.999, 3740133021047, datacollector.dll, DataCollectionTestCaseEventHandler: Test session ended
TpTrace Information: 0 : 34276, 1, 2022/05/03, 14:16:08.058, 3740133608407, datacollector.dll, DataCollectionRequestHandler.ProcessRequests : Datacollector received message: (DataCollection.AfterTestRunEnd) -> false
TpTrace Information: 0 : 34276, 1, 2022/05/03, 14:16:08.059, 3740133613331, datacollector.dll, Blame Collector : Session End
TpTrace Information: 0 : 34276, 1, 2022/05/03, 14:16:08.059, 3740133614056, datacollector.dll, BlameCollector.CollectDumpAndAbortTesthost: Custom path to dump directory was provided via VSTEST_DUMP_PATH. Skipping attachment upload, the caller is responsible for collecting and uploading the dumps themselves.
TpTrace Information: 0 : 34276, 1, 2022/05/03, 14:16:08.059, 3740133615310, datacollector.dll, DataCollectionManager.CleanupPlugins: CleanupPlugins called
TpTrace Verbose: 0 : 34276, 1, 2022/05/03, 14:16:08.059, 3740133615861, datacollector.dll, DataCollectionManager.CleanupPlugins: Cleaning up 1 plugins
TpTrace Verbose: 0 : 34276, 1, 2022/05/03, 14:16:08.059, 3740133617338, datacollector.dll, dataCollectorInfo.DisposeDataCollector: calling Dispose() on Microsoft.TestPlatform.Extensions.BlameDataCollector.BlameCollector
TpTrace Information: 0 : 34276, 1, 2022/05/03, 14:16:08.059, 3740133618844, datacollector.dll, DataCollectionManager.CleanupPlugins: CleanupPlugins finished
TpTrace Information: 0 : 34276, 1, 2022/05/03, 14:16:08.062, 3740133641931, datacollector.dll, DataCollectionRequestHandler.ProcessRequests : Session End message received from server. Closing the connection.
TpTrace Information: 0 : 34276, 1, 2022/05/03, 14:16:08.062, 3740133644097, datacollector.dll, Closing the connection !
TpTrace Information: 0 : 34276, 1, 2022/05/03, 14:16:08.062, 3740133644508, datacollector.dll, DataCollectionRequestHandler.ProcessRequests : DataCollection completed
TpTrace Information: 0 : 34276, 1, 2022/05/03, 14:16:08.062, 3740133645441, datacollector.dll, Program.Main: exiting datacollector process.
