TpTrace Information: 0 : 23388, 1, 2022/10/10, 16:19:43.173, 13033112373782, testhost.dll, DefaultEngineInvoker.Invoke: Testhost process started with args :[--port, 57321],[--endpoint, 127.0.0.1:057321],[--role, client],[--parentprocessid, 10620],[--diag, C:\Users\Rodolfo AC\Documents\ASP.NET Core 3.1\Github Public Projects\Seed.API\Seed.XUnit\bin\Debug\net5.0\fine-code-coverage\coverage-tool-output\diagnostics.host.22-10-10_16-19-42_73829_4.log],[--tracelevel, 4],[--datacollectionport, 57320],[--telemetryoptedin, false]
TpTrace Information: 0 : 23388, 1, 2022/10/10, 16:19:43.187, 13033112443443, testhost.dll, DefaultEngineInvoker.SetParentProcessExitCallback: Monitoring parent process with id: '10620'
TpTrace Information: 0 : 23388, 1, 2022/10/10, 16:19:43.201, 13033112582694, testhost.dll, DefaultEngineInvoker.GetConnectionInfo: Initialize communication on endpoint address: '127.0.0.1:057321'
TpTrace Information: 0 : 23388, 1, 2022/10/10, 16:19:43.232, 13033112887670, testhost.dll, SocketClient.Start: connecting to server endpoint: 127.0.0.1:057321
TpTrace Information: 0 : 23388, 1, 2022/10/10, 16:19:43.244, 13033113010462, testhost.dll, DefaultEngineInvoker.ConnectToDatacollector: Connecting to datacollector, port: 57320
TpTrace Information: 0 : 23388, 4, 2022/10/10, 16:19:43.245, 13033113017746, testhost.dll, SocketClient.OnServerConnected: connected to server endpoint: 127.0.0.1:057321
TpTrace Verbose: 0 : 23388, 4, 2022/10/10, 16:19:43.250, 13033113075440, testhost.dll, Connected to server, and starting MessageLoopAsync
TpTrace Information: 0 : 23388, 1, 2022/10/10, 16:19:43.251, 13033113083204, testhost.dll, Trying to connect to server on socket : 127.0.0.1:57320 
TpTrace Verbose: 0 : 23388, 1, 2022/10/10, 16:19:43.252, 13033113087982, testhost.dll, SocketCommunicationManager : SetupClientAsync : Attempting to connect to the server.
TpTrace Verbose: 0 : 23388, 9, 2022/10/10, 16:19:43.255, 13033113124240, testhost.dll, TcpClientExtensions.MessageLoopAsync: Polling on remoteEndPoint: [::ffff:127.0.0.1]:57321 localEndPoint: [::ffff:127.0.0.1]:57322
TpTrace Information: 0 : 23388, 10, 2022/10/10, 16:19:43.256, 13033113127740, testhost.dll, Connected to the server successfully 
TpTrace Information: 0 : 23388, 10, 2022/10/10, 16:19:43.256, 13033113128843, testhost.dll, Using the buffer size of 16384 bytes
TpTrace Verbose: 0 : 23388, 9, 2022/10/10, 16:19:43.256, 13033113128811, testhost.dll, TcpClientExtensions.MessageLoopAsync: NotifyDataAvailable remoteEndPoint: [::ffff:127.0.0.1]:57321 localEndPoint: [::ffff:127.0.0.1]:57322
TpTrace Information: 0 : 23388, 1, 2022/10/10, 16:19:43.257, 13033113136401, testhost.dll, DefaultEngineInvoker.Invoke: Start Request Processing.
TpTrace Information: 0 : 23388, 11, 2022/10/10, 16:19:43.260, 13033113169259, testhost.dll, DefaultEngineInvoker.StartProcessingAsync: Connected to vstest.console, Starting process requests.
TpTrace Information: 0 : 23388, 9, 2022/10/10, 16:19:43.487, 13033115437592, testhost.dll, TestRequestHandler.ProcessRequests: received message: (ProtocolVersion) -> 5
TpTrace Verbose: 0 : 23388, 9, 2022/10/10, 16:19:43.531, 13033115876834, testhost.dll, TestRequestHandler.SendData:  sending data from testhost: {"Version":2,"MessageType":"TestSession.Message","Payload":{"MessageLevel":0,"Message":"Logging TestHost Diagnostics in file: C:\\Users\\Rodolfo AC\\Documents\\ASP.NET Core 3.1\\Github Public Projects\\Seed.API\\Seed.XUnit\\bin\\Debug\\net5.0\\fine-code-coverage\\coverage-tool-output\\diagnostics.host.22-10-10_16-19-42_73829_4.log"}}
TpTrace Verbose: 0 : 23388, 9, 2022/10/10, 16:19:43.531, 13033115879521, testhost.dll, TcpClientExtensions.MessageLoopAsync: Polling on remoteEndPoint: [::ffff:127.0.0.1]:57321 localEndPoint: [::ffff:127.0.0.1]:57322
TpTrace Verbose: 0 : 23388, 9, 2022/10/10, 16:19:43.531, 13033115880552, testhost.dll, TcpClientExtensions.MessageLoopAsync: NotifyDataAvailable remoteEndPoint: [::ffff:127.0.0.1]:57321 localEndPoint: [::ffff:127.0.0.1]:57322
TpTrace Information: 0 : 23388, 9, 2022/10/10, 16:19:43.538, 13033115951622, testhost.dll, TestRequestHandler.ProcessRequests: received message: (TestExecution.Initialize) -> [
  "C:\\Users\\Rodolfo AC\\Documents\\ASP.NET Core 3.1\\Github Public Projects\\Seed.API\\Seed.XUnit\\bin\\Debug\\net5.0\\fine-code-coverage\\build-output\\Microsoft.VisualStudio.TestPlatform.MSTest.TestAdapter.dll",
  "C:\\Users\\Rodolfo AC\\Documents\\ASP.NET Core 3.1\\Github Public Projects\\Seed.API\\Seed.XUnit\\bin\\Debug\\net5.0\\fine-code-coverage\\build-output\\xunit.runner.visualstudio.dotnetcore.testadapter.dll"
]
TpTrace Information: 0 : 23388, 9, 2022/10/10, 16:19:43.538, 13033115953856, testhost.dll, Execution Session Initialize.
TpTrace Verbose: 0 : 23388, 9, 2022/10/10, 16:19:43.547, 13033116043613, testhost.dll, TcpClientExtensions.MessageLoopAsync: Polling on remoteEndPoint: [::ffff:127.0.0.1]:57321 localEndPoint: [::ffff:127.0.0.1]:57322
TpTrace Verbose: 0 : 23388, 9, 2022/10/10, 16:19:43.547, 13033116045352, testhost.dll, TcpClientExtensions.MessageLoopAsync: NotifyDataAvailable remoteEndPoint: [::ffff:127.0.0.1]:57321 localEndPoint: [::ffff:127.0.0.1]:57322
TpTrace Verbose: 0 : 23388, 5, 2022/10/10, 16:19:43.550, 13033116073250, testhost.dll, TestExecutorService: Loading the extensions
TpTrace Information: 0 : 23388, 9, 2022/10/10, 16:19:43.552, 13033116091453, testhost.dll, TestRequestHandler.ProcessRequests: received message: (TestExecution.StartWithSources) -> {
  "AdapterSourceMap": {
    "_none_": [
      "C:\\Users\\Rodolfo AC\\Documents\\ASP.NET Core 3.1\\Github Public Projects\\Seed.API\\Seed.XUnit\\bin\\Debug\\net5.0\\fine-code-coverage\\build-output\\Seed.XUnit.dll"
    ]
  },
  "RunSettings": "<RunSettings>\r\n  <RunConfiguration>\r\n    <ResultsDirectory>C:\\Users\\Rodolfo AC\\Documents\\ASP.NET Core 3.1\\Github Public Projects\\Seed.API\\Seed.XUnit\\bin\\Debug\\net5.0\\fine-code-coverage\\coverage-tool-output</ResultsDirectory>\r\n    <TargetPlatform>X64</TargetPlatform>\r\n    <TargetFrameworkVersion>.NETCoreApp,Version=v5.0</TargetFrameworkVersion>\r\n    <DesignMode>False</DesignMode>\r\n    <CollectSourceInformation>False</CollectSourceInformation>\r\n  </RunConfiguration>\r\n  <LoggerRunSettings>\r\n    <Loggers>\r\n      <Logger friendlyName=\"blame\" enabled=\"True\" />\r\n      <Logger friendlyName=\"Console\" uri=\"logger://microsoft/TestPlatform/ConsoleLogger/v1\" assemblyQualifiedName=\"Microsoft.VisualStudio.TestPlatform.CommandLine.Internal.ConsoleLogger, vstest.console, Version=15.0.0.0, Culture=neutral, PublicKeyToken=b03f5f7f11d50a3a\" codeBase=\"C:\\Program Files\\dotnet\\sdk\\5.0.403\\vstest.console.dll\" enabled=\"True\" />\r\n    </Loggers>\r\n  </LoggerRunSettings>\r\n  <DataCollectionRunSettings>\r\n    <DataCollectors>\r\n      <DataCollector friendlyName=\"blame\" enabled=\"True\">\r\n        <Configuration>\r\n          <ResultsDirectory>C:\\Users\\Rodolfo AC\\Documents\\ASP.NET Core 3.1\\Github Public Projects\\Seed.API\\Seed.XUnit\\bin\\Debug\\net5.0\\fine-code-coverage\\coverage-tool-output</ResultsDirectory>\r\n        </Configuration>\r\n      </DataCollector>\r\n    </DataCollectors>\r\n  </DataCollectionRunSettings>\r\n</RunSettings>",
  "TestExecutionContext": {
    "FrequencyOfRunStatsChangeEvent": 10,
    "RunStatsChangeEventTimeout": "00:00:01.5000000",
    "InIsolation": false,
    "KeepAlive": false,
    "AreTestCaseLevelEventsRequired": false,
    "IsDebug": false,
    "TestCaseFilter": null,
    "FilterOptions": null
  },
  "Package": null
}
TpTrace Information: 0 : 23388, 9, 2022/10/10, 16:19:43.552, 13033116093499, testhost.dll, Execution started.
TpTrace Verbose: 0 : 23388, 5, 2022/10/10, 16:19:43.553, 13033116099188, testhost.dll, TestPluginCache.DiscoverTestExtensions: finding test extensions in assemblies endswith: TestAdapter.dll TPluginInfo: Microsoft.VisualStudio.TestPlatform.Common.ExtensionFramework.Utilities.TestExecutorPluginInformation TExtension: Microsoft.VisualStudio.TestPlatform.ObjectModel.Adapter.ITestExecutor
TpTrace Verbose: 0 : 23388, 5, 2022/10/10, 16:19:43.555, 13033116123406, testhost.dll, TestPluginCache.GetExtensionPaths: Filtered extension paths: 
TpTrace Verbose: 0 : 23388, 5, 2022/10/10, 16:19:43.556, 13033116133514, testhost.dll, TestPluginCache.GetExtensionPaths: Added default extension paths: C:\Users\Rodolfo AC\Documents\ASP.NET Core 3.1\Github Public Projects\Seed.API\Seed.XUnit\bin\Debug\net5.0\fine-code-coverage\build-output\Microsoft.VisualStudio.TestPlatform.MSTest.TestAdapter.dll
C:\Users\Rodolfo AC\Documents\ASP.NET Core 3.1\Github Public Projects\Seed.API\Seed.XUnit\bin\Debug\net5.0\fine-code-coverage\build-output\xunit.runner.visualstudio.dotnetcore.testadapter.dll
TpTrace Verbose: 0 : 23388, 5, 2022/10/10, 16:19:43.556, 13033116135209, testhost.dll, TestPluginCache.GetExtensionPaths: Added unfilterableExtensionPaths: 
TpTrace Information: 0 : 23388, 5, 2022/10/10, 16:19:43.561, 13033116183732, testhost.dll, AssemblyResolver.ctor: Creating AssemblyResolver with searchDirectories C:\Users\Rodolfo AC\Documents\ASP.NET Core 3.1\Github Public Projects\Seed.API\Seed.XUnit\bin\Debug\net5.0\fine-code-coverage\build-output
TpTrace Verbose: 0 : 23388, 5, 2022/10/10, 16:19:43.564, 13033116213040, testhost.dll, TestPluginCache.DiscoverTestExtensions: Discovering the extensions using extension path.
TpTrace Verbose: 0 : 23388, 5, 2022/10/10, 16:19:43.564, 13033116214772, testhost.dll, TestPluginCache.GetExtensionPaths: Filtered extension paths: 
TpTrace Verbose: 0 : 23388, 5, 2022/10/10, 16:19:43.564, 13033116215527, testhost.dll, TestPluginCache.GetExtensionPaths: Added default extension paths: C:\Users\Rodolfo AC\Documents\ASP.NET Core 3.1\Github Public Projects\Seed.API\Seed.XUnit\bin\Debug\net5.0\fine-code-coverage\build-output\Microsoft.VisualStudio.TestPlatform.MSTest.TestAdapter.dll
C:\Users\Rodolfo AC\Documents\ASP.NET Core 3.1\Github Public Projects\Seed.API\Seed.XUnit\bin\Debug\net5.0\fine-code-coverage\build-output\xunit.runner.visualstudio.dotnetcore.testadapter.dll
TpTrace Verbose: 0 : 23388, 5, 2022/10/10, 16:19:43.565, 13033116215980, testhost.dll, TestPluginCache.GetExtensionPaths: Added unfilterableExtensionPaths: 
TpTrace Verbose: 0 : 23388, 5, 2022/10/10, 16:19:43.565, 13033116216915, testhost.dll, TestPluginCache.DiscoverTestExtensions: Discovering the extensions using allExtensionPaths: C:\Users\Rodolfo AC\Documents\ASP.NET Core 3.1\Github Public Projects\Seed.API\Seed.XUnit\bin\Debug\net5.0\fine-code-coverage\build-output\Microsoft.VisualStudio.TestPlatform.MSTest.TestAdapter.dll
C:\Users\Rodolfo AC\Documents\ASP.NET Core 3.1\Github Public Projects\Seed.API\Seed.XUnit\bin\Debug\net5.0\fine-code-coverage\build-output\xunit.runner.visualstudio.dotnetcore.testadapter.dll
TpTrace Information: 0 : 23388, 5, 2022/10/10, 16:19:43.566, 13033116229604, testhost.dll, AssemblyResolver.AddSearchDirectories: Adding more searchDirectories C:\Users\Rodolfo AC\Documents\ASP.NET Core 3.1\Github Public Projects\Seed.API\Seed.XUnit\bin\Debug\net5.0\fine-code-coverage\build-output
TpTrace Information: 0 : 23388, 5, 2022/10/10, 16:19:43.566, 13033116230725, testhost.dll, AssemblyResolver.AddSearchDirectories: Adding more searchDirectories C:\Users\Rodolfo AC\Documents\ASP.NET Core 3.1\Github Public Projects\Seed.API\Seed.XUnit\bin\Debug\net5.0\fine-code-coverage\build-output
TpTrace Information: 0 : 23388, 5, 2022/10/10, 16:19:43.573, 13033116297007, testhost.dll, AssemblyResolver.OnResolve: Microsoft.VisualStudio.TestPlatform.MSTest.TestAdapter: Resolving assembly.
TpTrace Information: 0 : 23388, 5, 2022/10/10, 16:19:43.578, 13033116350137, testhost.dll, AssemblyResolver.OnResolve: Resolved assembly: Microsoft.VisualStudio.TestPlatform.MSTest.TestAdapter, from path: C:\Users\Rodolfo AC\Documents\ASP.NET Core 3.1\Github Public Projects\Seed.API\Seed.XUnit\bin\Debug\net5.0\fine-code-coverage\build-output\Microsoft.VisualStudio.TestPlatform.MSTest.TestAdapter.dll
TpTrace Information: 0 : 23388, 5, 2022/10/10, 16:19:43.584, 13033116411728, testhost.dll, AssemblyResolver.OnResolve: Microsoft.VisualStudio.TestPlatform.MSTestAdapter.PlatformServices.Interface: Resolving assembly.
TpTrace Information: 0 : 23388, 5, 2022/10/10, 16:19:43.586, 13033116433616, testhost.dll, AssemblyResolver.OnResolve: Resolved assembly: Microsoft.VisualStudio.TestPlatform.MSTestAdapter.PlatformServices.Interface, from path: C:\Users\Rodolfo AC\Documents\ASP.NET Core 3.1\Github Public Projects\Seed.API\Seed.XUnit\bin\Debug\net5.0\fine-code-coverage\build-output\Microsoft.VisualStudio.TestPlatform.MSTestAdapter.PlatformServices.Interface.dll
TpTrace Information: 0 : 23388, 5, 2022/10/10, 16:19:43.587, 13033116439206, testhost.dll, AssemblyResolver.OnResolve: Microsoft.VisualStudio.TestPlatform.MSTestAdapter.PlatformServices: Resolving assembly.
TpTrace Information: 0 : 23388, 5, 2022/10/10, 16:19:43.589, 13033116459364, testhost.dll, AssemblyResolver.OnResolve: Resolved assembly: Microsoft.VisualStudio.TestPlatform.MSTestAdapter.PlatformServices, from path: C:\Users\Rodolfo AC\Documents\ASP.NET Core 3.1\Github Public Projects\Seed.API\Seed.XUnit\bin\Debug\net5.0\fine-code-coverage\build-output\Microsoft.VisualStudio.TestPlatform.MSTestAdapter.PlatformServices.dll
TpTrace Information: 0 : 23388, 5, 2022/10/10, 16:19:43.593, 13033116502947, testhost.dll, AssemblyResolver.OnResolve: xunit.runner.visualstudio.dotnetcore.testadapter: Resolving assembly.
TpTrace Information: 0 : 23388, 5, 2022/10/10, 16:19:43.597, 13033116540889, testhost.dll, AssemblyResolver.OnResolve: Resolved assembly: xunit.runner.visualstudio.dotnetcore.testadapter, from path: C:\Users\Rodolfo AC\Documents\ASP.NET Core 3.1\Github Public Projects\Seed.API\Seed.XUnit\bin\Debug\net5.0\fine-code-coverage\build-output\xunit.runner.visualstudio.dotnetcore.testadapter.dll
TpTrace Verbose: 0 : 23388, 9, 2022/10/10, 16:19:43.597, 13033116545083, testhost.dll, TcpClientExtensions.MessageLoopAsync: Polling on remoteEndPoint: [::ffff:127.0.0.1]:57321 localEndPoint: [::ffff:127.0.0.1]:57322
TpTrace Information: 0 : 23388, 5, 2022/10/10, 16:19:43.600, 13033116569884, testhost.dll, AssemblyResolver.OnResolve: xunit.runner.utility.netcoreapp10: Resolving assembly.
TpTrace Information: 0 : 23388, 5, 2022/10/10, 16:19:43.604, 13033116615174, testhost.dll, AssemblyResolver.OnResolve: Resolved assembly: xunit.runner.utility.netcoreapp10, from path: C:\Users\Rodolfo AC\Documents\ASP.NET Core 3.1\Github Public Projects\Seed.API\Seed.XUnit\bin\Debug\net5.0\fine-code-coverage\build-output\xunit.runner.utility.netcoreapp10.dll
TpTrace Verbose: 0 : 23388, 5, 2022/10/10, 16:19:43.614, 13033116709208, testhost.dll, TestPluginCache: Discovered the extensions using extension path ''.
TpTrace Verbose: 0 : 23388, 5, 2022/10/10, 16:19:43.615, 13033116719696, testhost.dll, TestPluginCache: Discoverers are ''.
TpTrace Verbose: 0 : 23388, 5, 2022/10/10, 16:19:43.615, 13033116721587, testhost.dll, TestPluginCache: Executors are 'executor://MSTestAdapter/v2,executor://xunit/VsTestRunner2/netcoreapp'.
TpTrace Verbose: 0 : 23388, 5, 2022/10/10, 16:19:43.615, 13033116723614, testhost.dll, TestPluginCache: Setting providers are ''.
TpTrace Verbose: 0 : 23388, 5, 2022/10/10, 16:19:43.615, 13033116725285, testhost.dll, TestPluginCache: Loggers are ''.
TpTrace Information: 0 : 23388, 5, 2022/10/10, 16:19:43.627, 13033116836626, testhost.dll, TestPluginManager.CreateTestExtension: Attempting to load test extension: Microsoft.VisualStudio.TestPlatform.MSTest.TestAdapter.MSTestExecutor
TpTrace Verbose: 0 : 23388, 5, 2022/10/10, 16:19:43.643, 13033117003947, testhost.dll, TestExecutorExtensionManager: Loading executor Microsoft.VisualStudio.TestPlatform.MSTest.TestAdapter.MSTestExecutor
TpTrace Information: 0 : 23388, 5, 2022/10/10, 16:19:43.644, 13033117006467, testhost.dll, TestPluginManager.CreateTestExtension: Attempting to load test extension: Xunit.Runner.VisualStudio.VsTestRunner
TpTrace Verbose: 0 : 23388, 5, 2022/10/10, 16:19:43.644, 13033117011748, testhost.dll, TestExecutorExtensionManager: Loading executor Xunit.Runner.VisualStudio.VsTestRunner
TpTrace Verbose: 0 : 23388, 5, 2022/10/10, 16:19:43.644, 13033117012571, testhost.dll, TestExecutorService: Loaded the executors
TpTrace Verbose: 0 : 23388, 5, 2022/10/10, 16:19:43.645, 13033117025145, testhost.dll, TestPluginCache.DiscoverTestExtensions: finding test extensions in assemblies endswith: TestAdapter.dll TPluginInfo: Microsoft.VisualStudio.TestPlatform.Common.ExtensionFramework.Utilities.TestSettingsProviderPluginInformation TExtension: Microsoft.VisualStudio.TestPlatform.ObjectModel.Adapter.ISettingsProvider
TpTrace Verbose: 0 : 23388, 5, 2022/10/10, 16:19:43.646, 13033117029481, testhost.dll, TestPluginCache.GetExtensionPaths: Filtered extension paths: 
TpTrace Verbose: 0 : 23388, 5, 2022/10/10, 16:19:43.646, 13033117030189, testhost.dll, TestPluginCache.GetExtensionPaths: Added default extension paths: C:\Users\Rodolfo AC\Documents\ASP.NET Core 3.1\Github Public Projects\Seed.API\Seed.XUnit\bin\Debug\net5.0\fine-code-coverage\build-output\Microsoft.VisualStudio.TestPlatform.MSTest.TestAdapter.dll
C:\Users\Rodolfo AC\Documents\ASP.NET Core 3.1\Github Public Projects\Seed.API\Seed.XUnit\bin\Debug\net5.0\fine-code-coverage\build-output\xunit.runner.visualstudio.dotnetcore.testadapter.dll
TpTrace Verbose: 0 : 23388, 5, 2022/10/10, 16:19:43.646, 13033117031032, testhost.dll, TestPluginCache.GetExtensionPaths: Added unfilterableExtensionPaths: 
TpTrace Information: 0 : 23388, 5, 2022/10/10, 16:19:43.646, 13033117033562, testhost.dll, AssemblyResolver.AddSearchDirectories: Adding more searchDirectories C:\Users\Rodolfo AC\Documents\ASP.NET Core 3.1\Github Public Projects\Seed.API\Seed.XUnit\bin\Debug\net5.0\fine-code-coverage\build-output
TpTrace Verbose: 0 : 23388, 5, 2022/10/10, 16:19:43.646, 13033117034544, testhost.dll, TestPluginCache.DiscoverTestExtensions: Discovering the extensions using extension path.
TpTrace Verbose: 0 : 23388, 5, 2022/10/10, 16:19:43.646, 13033117035055, testhost.dll, TestPluginCache.GetExtensionPaths: Filtered extension paths: 
TpTrace Verbose: 0 : 23388, 5, 2022/10/10, 16:19:43.646, 13033117035490, testhost.dll, TestPluginCache.GetExtensionPaths: Added default extension paths: C:\Users\Rodolfo AC\Documents\ASP.NET Core 3.1\Github Public Projects\Seed.API\Seed.XUnit\bin\Debug\net5.0\fine-code-coverage\build-output\Microsoft.VisualStudio.TestPlatform.MSTest.TestAdapter.dll
C:\Users\Rodolfo AC\Documents\ASP.NET Core 3.1\Github Public Projects\Seed.API\Seed.XUnit\bin\Debug\net5.0\fine-code-coverage\build-output\xunit.runner.visualstudio.dotnetcore.testadapter.dll
TpTrace Verbose: 0 : 23388, 5, 2022/10/10, 16:19:43.647, 13033117035924, testhost.dll, TestPluginCache.GetExtensionPaths: Added unfilterableExtensionPaths: 
TpTrace Verbose: 0 : 23388, 5, 2022/10/10, 16:19:43.647, 13033117036446, testhost.dll, TestPluginCache.DiscoverTestExtensions: Discovering the extensions using allExtensionPaths: C:\Users\Rodolfo AC\Documents\ASP.NET Core 3.1\Github Public Projects\Seed.API\Seed.XUnit\bin\Debug\net5.0\fine-code-coverage\build-output\Microsoft.VisualStudio.TestPlatform.MSTest.TestAdapter.dll
C:\Users\Rodolfo AC\Documents\ASP.NET Core 3.1\Github Public Projects\Seed.API\Seed.XUnit\bin\Debug\net5.0\fine-code-coverage\build-output\xunit.runner.visualstudio.dotnetcore.testadapter.dll
TpTrace Information: 0 : 23388, 5, 2022/10/10, 16:19:43.647, 13033117037135, testhost.dll, AssemblyResolver.AddSearchDirectories: Adding more searchDirectories C:\Users\Rodolfo AC\Documents\ASP.NET Core 3.1\Github Public Projects\Seed.API\Seed.XUnit\bin\Debug\net5.0\fine-code-coverage\build-output
TpTrace Information: 0 : 23388, 5, 2022/10/10, 16:19:43.647, 13033117038123, testhost.dll, AssemblyResolver.AddSearchDirectories: Adding more searchDirectories C:\Users\Rodolfo AC\Documents\ASP.NET Core 3.1\Github Public Projects\Seed.API\Seed.XUnit\bin\Debug\net5.0\fine-code-coverage\build-output
TpTrace Verbose: 0 : 23388, 5, 2022/10/10, 16:19:43.648, 13033117050957, testhost.dll, TestPluginCache: Discovered the extensions using extension path ''.
TpTrace Verbose: 0 : 23388, 5, 2022/10/10, 16:19:43.648, 13033117052199, testhost.dll, TestPluginCache: Discoverers are ''.
TpTrace Verbose: 0 : 23388, 5, 2022/10/10, 16:19:43.648, 13033117053470, testhost.dll, TestPluginCache: Executors are 'executor://MSTestAdapter/v2,executor://xunit/VsTestRunner2/netcoreapp'.
TpTrace Verbose: 0 : 23388, 5, 2022/10/10, 16:19:43.648, 13033117055342, testhost.dll, TestPluginCache: Setting providers are ''.
TpTrace Verbose: 0 : 23388, 5, 2022/10/10, 16:19:43.649, 13033117056362, testhost.dll, TestPluginCache: Loggers are ''.
TpTrace Verbose: 0 : 23388, 5, 2022/10/10, 16:19:43.650, 13033117072388, testhost.dll, TestExecutorService: Loaded the settings providers
TpTrace Information: 0 : 23388, 5, 2022/10/10, 16:19:43.650, 13033117073199, testhost.dll, TestExecutorService: Loaded the extensions
TpTrace Information: 0 : 23388, 5, 2022/10/10, 16:19:43.732, 13033117892541, testhost.dll, TestDiscoveryManager: Discovering tests from sources C:\Users\Rodolfo AC\Documents\ASP.NET Core 3.1\Github Public Projects\Seed.API\Seed.XUnit\bin\Debug\net5.0\fine-code-coverage\build-output\Seed.XUnit.dll
TpTrace Verbose: 0 : 23388, 5, 2022/10/10, 16:19:43.738, 13033117946389, testhost.dll, TestPluginCache.DiscoverTestExtensions: finding test extensions in assemblies endswith: TestAdapter.dll TPluginInfo: Microsoft.VisualStudio.TestPlatform.Common.ExtensionFramework.Utilities.TestDiscovererPluginInformation TExtension: Microsoft.VisualStudio.TestPlatform.ObjectModel.Adapter.ITestDiscoverer
TpTrace Verbose: 0 : 23388, 5, 2022/10/10, 16:19:43.738, 13033117949104, testhost.dll, TestPluginCache.GetExtensionPaths: Filtered extension paths: 
TpTrace Verbose: 0 : 23388, 5, 2022/10/10, 16:19:43.738, 13033117950511, testhost.dll, TestPluginCache.GetExtensionPaths: Added default extension paths: C:\Users\Rodolfo AC\Documents\ASP.NET Core 3.1\Github Public Projects\Seed.API\Seed.XUnit\bin\Debug\net5.0\fine-code-coverage\build-output\Microsoft.VisualStudio.TestPlatform.MSTest.TestAdapter.dll
C:\Users\Rodolfo AC\Documents\ASP.NET Core 3.1\Github Public Projects\Seed.API\Seed.XUnit\bin\Debug\net5.0\fine-code-coverage\build-output\xunit.runner.visualstudio.dotnetcore.testadapter.dll
TpTrace Verbose: 0 : 23388, 5, 2022/10/10, 16:19:43.738, 13033117951421, testhost.dll, TestPluginCache.GetExtensionPaths: Added unfilterableExtensionPaths: 
TpTrace Information: 0 : 23388, 5, 2022/10/10, 16:19:43.738, 13033117954600, testhost.dll, AssemblyResolver.AddSearchDirectories: Adding more searchDirectories C:\Users\Rodolfo AC\Documents\ASP.NET Core 3.1\Github Public Projects\Seed.API\Seed.XUnit\bin\Debug\net5.0\fine-code-coverage\build-output
TpTrace Verbose: 0 : 23388, 5, 2022/10/10, 16:19:43.739, 13033117955869, testhost.dll, TestPluginCache.DiscoverTestExtensions: Discovering the extensions using extension path.
TpTrace Verbose: 0 : 23388, 5, 2022/10/10, 16:19:43.739, 13033117956740, testhost.dll, TestPluginCache.GetExtensionPaths: Filtered extension paths: 
TpTrace Verbose: 0 : 23388, 5, 2022/10/10, 16:19:43.739, 13033117957715, testhost.dll, TestPluginCache.GetExtensionPaths: Added default extension paths: C:\Users\Rodolfo AC\Documents\ASP.NET Core 3.1\Github Public Projects\Seed.API\Seed.XUnit\bin\Debug\net5.0\fine-code-coverage\build-output\Microsoft.VisualStudio.TestPlatform.MSTest.TestAdapter.dll
C:\Users\Rodolfo AC\Documents\ASP.NET Core 3.1\Github Public Projects\Seed.API\Seed.XUnit\bin\Debug\net5.0\fine-code-coverage\build-output\xunit.runner.visualstudio.dotnetcore.testadapter.dll
TpTrace Verbose: 0 : 23388, 5, 2022/10/10, 16:19:43.739, 13033117958753, testhost.dll, TestPluginCache.GetExtensionPaths: Added unfilterableExtensionPaths: 
TpTrace Verbose: 0 : 23388, 5, 2022/10/10, 16:19:43.739, 13033117959588, testhost.dll, TestPluginCache.DiscoverTestExtensions: Discovering the extensions using allExtensionPaths: C:\Users\Rodolfo AC\Documents\ASP.NET Core 3.1\Github Public Projects\Seed.API\Seed.XUnit\bin\Debug\net5.0\fine-code-coverage\build-output\Microsoft.VisualStudio.TestPlatform.MSTest.TestAdapter.dll
C:\Users\Rodolfo AC\Documents\ASP.NET Core 3.1\Github Public Projects\Seed.API\Seed.XUnit\bin\Debug\net5.0\fine-code-coverage\build-output\xunit.runner.visualstudio.dotnetcore.testadapter.dll
TpTrace Information: 0 : 23388, 5, 2022/10/10, 16:19:43.739, 13033117961095, testhost.dll, AssemblyResolver.AddSearchDirectories: Adding more searchDirectories C:\Users\Rodolfo AC\Documents\ASP.NET Core 3.1\Github Public Projects\Seed.API\Seed.XUnit\bin\Debug\net5.0\fine-code-coverage\build-output
TpTrace Information: 0 : 23388, 5, 2022/10/10, 16:19:43.739, 13033117962298, testhost.dll, AssemblyResolver.AddSearchDirectories: Adding more searchDirectories C:\Users\Rodolfo AC\Documents\ASP.NET Core 3.1\Github Public Projects\Seed.API\Seed.XUnit\bin\Debug\net5.0\fine-code-coverage\build-output
TpTrace Verbose: 0 : 23388, 5, 2022/10/10, 16:19:43.746, 13033118028496, testhost.dll, TestPluginCache: Discovered the extensions using extension path ''.
TpTrace Verbose: 0 : 23388, 5, 2022/10/10, 16:19:43.746, 13033118031036, testhost.dll, TestPluginCache: Discoverers are 'Microsoft.VisualStudio.TestPlatform.MSTest.TestAdapter.MSTestDiscoverer, Microsoft.VisualStudio.TestPlatform.MSTest.TestAdapter, Version=14.0.0.0, Culture=neutral, PublicKeyToken=b03f5f7f11d50a3a,Xunit.Runner.VisualStudio.VsTestRunner, xunit.runner.visualstudio.dotnetcore.testadapter, Version=2.4.0.0, Culture=neutral, PublicKeyToken=8d05b1bb7a6fdb6c'.
TpTrace Verbose: 0 : 23388, 5, 2022/10/10, 16:19:43.746, 13033118034211, testhost.dll, TestPluginCache: Executors are 'executor://MSTestAdapter/v2,executor://xunit/VsTestRunner2/netcoreapp'.
TpTrace Verbose: 0 : 23388, 5, 2022/10/10, 16:19:43.747, 13033118036521, testhost.dll, TestPluginCache: Setting providers are ''.
TpTrace Verbose: 0 : 23388, 5, 2022/10/10, 16:19:43.747, 13033118040048, testhost.dll, TestPluginCache: Loggers are ''.
TpTrace Information: 0 : 23388, 5, 2022/10/10, 16:19:43.762, 13033118189376, testhost.dll, PEReaderHelper.GetAssemblyType: Determined assemblyType:'Managed' for source: 'C:\Users\Rodolfo AC\Documents\ASP.NET Core 3.1\Github Public Projects\Seed.API\Seed.XUnit\bin\Debug\net5.0\fine-code-coverage\build-output\Seed.XUnit.dll'
TpTrace Verbose: 0 : 23388, 5, 2022/10/10, 16:19:43.771, 13033118278989, testhost.dll, BaseRunTests.RunTestInternalWithExecutors: Running tests for executor://MSTestAdapter/v2
TpTrace Information: 0 : 23388, 5, 2022/10/10, 16:19:43.776, 13033118326133, testhost.dll, MSTest - MSTestExecutor.RunTests: Running tests from sources.
TpTrace Information: 0 : 23388, 5, 2022/10/10, 16:19:43.780, 13033118374662, testhost.dll, MSTest - CollectSourceInformation value Found : False 
TpTrace Information: 0 : 23388, 5, 2022/10/10, 16:19:43.826, 13033118831455, testhost.dll, MSTest - DictionaryHelper.ConcatWithOverwrites: The source is null or empty, returning the overwrite dictionary.
TpTrace Information: 0 : 23388, 5, 2022/10/10, 16:19:43.835, 13033118923311, testhost.dll, MSTest - DictionaryHelper.ConcatWithOverwrites: The source is null or empty, returning the overwrite dictionary.
TpTrace Information: 0 : 23388, 5, 2022/10/10, 16:19:43.836, 13033118929550, testhost.dll, MSTest - DictionaryHelper.ConcatWithOverwrites: The source is null or empty, returning the overwrite dictionary.
TpTrace Information: 0 : 23388, 5, 2022/10/10, 16:19:43.836, 13033118931837, testhost.dll, MSTest - DictionaryHelper.ConcatWithOverwrites: The source is null or empty, returning the overwrite dictionary.
TpTrace Information: 0 : 23388, 5, 2022/10/10, 16:19:43.836, 13033118934477, testhost.dll, MSTest - DictionaryHelper.ConcatWithOverwrites: The source is null or empty, returning the overwrite dictionary.
TpTrace Information: 0 : 23388, 5, 2022/10/10, 16:19:43.845, 13033119021248, testhost.dll, AssemblyResolver.OnResolve: Microsoft.TestPlatform.AdapterUtilities: Resolving assembly.
TpTrace Information: 0 : 23388, 5, 2022/10/10, 16:19:43.848, 13033119046833, testhost.dll, AssemblyResolver.OnResolve: Resolved assembly: Microsoft.TestPlatform.AdapterUtilities, from path: C:\Users\Rodolfo AC\Documents\ASP.NET Core 3.1\Github Public Projects\Seed.API\Seed.XUnit\bin\Debug\net5.0\fine-code-coverage\build-output\Microsoft.TestPlatform.AdapterUtilities.dll
TpTrace Information: 0 : 23388, 5, 2022/10/10, 16:19:43.892, 13033119494475, testhost.dll, MSTest - DictionaryHelper.ConcatWithOverwrites: The source is null or empty, returning the overwrite dictionary.
TpTrace Information: 0 : 23388, 5, 2022/10/10, 16:19:43.893, 13033119497777, testhost.dll, MSTest - MSTestDiscoverer: Found 1 tests from source C:\Users\Rodolfo AC\Documents\ASP.NET Core 3.1\Github Public Projects\Seed.API\Seed.XUnit\bin\Debug\net5.0\fine-code-coverage\build-output\Seed.XUnit.dll
TpTrace Information: 0 : 23388, 5, 2022/10/10, 16:19:43.928, 13033119846548, testhost.dll, AssemblyResolver.OnResolve: Microsoft.VisualStudio.TestPlatform.MSTestAdapter.PlatformServices.resources: Resolving assembly.
TpTrace Information: 0 : 23388, 5, 2022/10/10, 16:19:43.928, 13033119849313, testhost.dll, AssemblyResolver.OnResolve: Microsoft.VisualStudio.TestPlatform.MSTestAdapter.PlatformServices.resources: Failed to load assembly.
TpTrace Information: 0 : 23388, 5, 2022/10/10, 16:19:43.929, 13033119856050, testhost.dll, AssemblyResolver.OnResolve: Microsoft.VisualStudio.TestPlatform.MSTestAdapter.PlatformServices.resources: Resolving assembly.
TpTrace Information: 0 : 23388, 5, 2022/10/10, 16:19:43.929, 13033119857221, testhost.dll, AssemblyResolver.OnResolve: Microsoft.VisualStudio.TestPlatform.MSTestAdapter.PlatformServices.resources: Resolved from cache.
TpTrace Information: 0 : 23388, 5, 2022/10/10, 16:19:43.969, 13033120256344, testhost.dll, MSTest - Created unit-test runner C:\Users\Rodolfo AC\Documents\ASP.NET Core 3.1\Github Public Projects\Seed.API\Seed.XUnit\bin\Debug\net5.0\fine-code-coverage\build-output\Seed.XUnit.dll
TpTrace Verbose: 0 : 23388, 5, 2022/10/10, 16:19:43.980, 13033120369988, testhost.dll, TestExecutionRecorder.RecordStart: Starting test: Seed.XUnit.Repositories.SolutionRespositoryTest.CreateTest.
TpTrace Information: 0 : 23388, 5, 2022/10/10, 16:19:44.137, 13033121935711, testhost.dll, MSTest - Executing test CreateTest
TpTrace Information: 0 : 23388, 5, 2022/10/10, 16:19:44.387, 13033124443873, testhost.dll, MSTest - Executed test CreateTest
TpTrace Verbose: 0 : 23388, 5, 2022/10/10, 16:19:44.398, 13033124549810, testhost.dll, TestExecutionRecorder.RecordEnd: test: Seed.XUnit.Repositories.SolutionRespositoryTest.CreateTest execution completed.
TpTrace Verbose: 0 : 23388, 5, 2022/10/10, 16:19:44.435, 13033124917376, testhost.dll, TestExecutionRecorder.RecordResult: Received result for test: Seed.XUnit.Repositories.SolutionRespositoryTest.CreateTest.
TpTrace Warning: 0 : 23388, 5, 2022/10/10, 16:19:44.443, 13033124996380, testhost.dll, InProgressTests is null
TpTrace Warning: 0 : 23388, 5, 2022/10/10, 16:19:44.447, 13033125038687, testhost.dll, TestRunCache: No test found corresponding to testResult 'CreateTest  Passed' in inProgress list.
TpTrace Information: 0 : 23388, 5, 2022/10/10, 16:19:44.447, 13033125044106, testhost.dll, MSTest - Executing cleanup methods.
TpTrace Information: 0 : 23388, 5, 2022/10/10, 16:19:44.450, 13033125068389, testhost.dll, MSTest - Executed cleanup methods.
TpTrace Information: 0 : 23388, 5, 2022/10/10, 16:19:44.450, 13033125069641, testhost.dll, MSTest - Executed tests belonging to source C:\Users\Rodolfo AC\Documents\ASP.NET Core 3.1\Github Public Projects\Seed.API\Seed.XUnit\bin\Debug\net5.0\fine-code-coverage\build-output\Seed.XUnit.dll
TpTrace Information: 0 : 23388, 5, 2022/10/10, 16:19:44.450, 13033125073920, testhost.dll, Deleting deployment directory C:\Users\Rodolfo AC\Documents\ASP.NET Core 3.1\Github Public Projects\Seed.API\Seed.XUnit\bin\Debug\net5.0\fine-code-coverage\coverage-tool-output\Deploy_Rodolfo AC 2022-10-10 16_19_43
TpTrace Information: 0 : 23388, 5, 2022/10/10, 16:19:44.456, 13033125134878, testhost.dll, Deleted deployment directory C:\Users\Rodolfo AC\Documents\ASP.NET Core 3.1\Github Public Projects\Seed.API\Seed.XUnit\bin\Debug\net5.0\fine-code-coverage\coverage-tool-output\Deploy_Rodolfo AC 2022-10-10 16_19_43
TpTrace Verbose: 0 : 23388, 5, 2022/10/10, 16:19:44.458, 13033125147415, testhost.dll, BaseRunTests.RunTestInternalWithExecutors: Completed running tests for executor://MSTestAdapter/v2
TpTrace Verbose: 0 : 23388, 5, 2022/10/10, 16:19:44.458, 13033125150961, testhost.dll, BaseRunTests.RunTestInternalWithExecutors: Running tests for executor://xunit/VsTestRunner2/netcoreapp
TpTrace Information: 0 : 23388, 5, 2022/10/10, 16:19:44.476, 13033125326261, testhost.dll, [xUnit.net 00:00:00.00] xUnit.net VSTest Adapter v2.4.3+1b45f5407b (64-bit .NET 5.0.17)
TpTrace Verbose: 0 : 23388, 5, 2022/10/10, 16:19:44.476, 13033125328793, testhost.dll, TestRequestHandler.SendData:  sending data from testhost: {"Version":2,"MessageType":"TestSession.Message","Payload":{"MessageLevel":0,"Message":"[xUnit.net 00:00:00.00] xUnit.net VSTest Adapter v2.4.3+1b45f5407b (64-bit .NET 5.0.17)"}}
TpTrace Verbose: 0 : 23388, 9, 2022/10/10, 16:19:44.610, 13033126672271, testhost.dll, TcpClientExtensions.MessageLoopAsync: Polling on remoteEndPoint: [::ffff:127.0.0.1]:57321 localEndPoint: [::ffff:127.0.0.1]:57322
TpTrace Information: 0 : 23388, 10, 2022/10/10, 16:19:45.210, 13033132669723, testhost.dll, Sending test run statistics
TpTrace Verbose: 0 : 23388, 10, 2022/10/10, 16:19:45.257, 13033133142419, testhost.dll, TestRequestHandler.SendData:  sending data from testhost: {"Version":2,"MessageType":"TestExecution.StatsChange","Payload":{"NewTestResults":[{"TestCase":{"Id":"808375b9-262f-b4ff-d975-ef291429e438","FullyQualifiedName":"Seed.XUnit.Repositories.SolutionRespositoryTest.CreateTest","DisplayName":"CreateTest","ExecutorUri":"executor://MSTestAdapter/v2","Source":"C:\\Users\\Rodolfo AC\\Documents\\ASP.NET Core 3.1\\Github Public Projects\\Seed.API\\Seed.XUnit\\bin\\Debug\\net5.0\\fine-code-coverage\\build-output\\Seed.XUnit.dll","CodeFilePath":null,"LineNumber":-1,"Properties":[{"Key":{"Id":"TestCase.ManagedType","Label":"ManagedType","Category":"","Description":"","Attributes":1,"ValueType":"System.String"},"Value":"Seed.XUnit.Repositories.SolutionRespositoryTest"},{"Key":{"Id":"TestCase.ManagedMethod","Label":"ManagedMethod","Category":"","Description":"","Attributes":1,"ValueType":"System.String"},"Value":"CreateTest"},{"Key":{"Id":"MSTestDiscoverer.TestClassName","Label":"ClassName","Category":"","Description":"","Attributes":1,"ValueType":"System.String"},"Value":"Seed.XUnit.Repositories.SolutionRespositoryTest"},{"Key":{"Id":"TestCase.Hierarchy","Label":"Hierarchy","Category":"","Description":"","Attributes":2,"ValueType":"System.String[]"},"Value":["Seed.XUnit.Repositories","SolutionRespositoryTest"]},{"Key":{"Id":"TestObject.Traits","Label":"Traits","Category":"","Description":"","Attributes":5,"ValueType":"System.Collections.Generic.KeyValuePair`2[[System.String],[System.String]][]"},"Value":[]}]},"Attachments":[],"Outcome":1,"ErrorMessage":null,"ErrorStackTrace":null,"DisplayName":"CreateTest","Messages":[],"ComputerName":null,"Duration":"00:00:00.2182403","StartTime":"2022-10-10T16:19:44.1369141+02:00","EndTime":"2022-10-10T16:19:44.3880296+02:00","Properties":[{"Key":{"Id":"ExecutionId","Label":"ExecutionId","Category":"","Description":"","Attributes":1,"ValueType":"System.Guid"},"Value":"00000000-0000-0000-0000-000000000000"},{"Key":{"Id":"ParentExecId","Label":"ParentExecId","Category":"","Description":"","Attributes":1,"ValueType":"System.Guid"},"Value":"00000000-0000-0000-0000-000000000000"},{"Key":{"Id":"InnerResultsCount","Label":"InnerResultsCount","Category":"","Description":"","Attributes":1,"ValueType":"System.Int32"},"Value":0}]}],"TestRunStatistics":{"ExecutedTests":1,"Stats":{"Passed":1}},"ActiveTests":[]}}
TpTrace Verbose: 0 : 23388, 10, 2022/10/10, 16:19:45.258, 13033133146368, testhost.dll, TestRunCache: OnNewTestResult: Notified the onCacheHit callback.
TpTrace Information: 0 : 23388, 5, 2022/10/10, 16:19:45.590, 13033136474977, testhost.dll, AssemblyResolver.OnResolve: xunit.runner.reporters.netcoreapp10: Resolving assembly.
TpTrace Information: 0 : 23388, 5, 2022/10/10, 16:19:45.593, 13033136500661, testhost.dll, AssemblyResolver.OnResolve: Resolved assembly: xunit.runner.reporters.netcoreapp10, from path: C:\Users\Rodolfo AC\Documents\ASP.NET Core 3.1\Github Public Projects\Seed.API\Seed.XUnit\bin\Debug\net5.0\fine-code-coverage\build-output\xunit.runner.reporters.netcoreapp10.dll
TpTrace Verbose: 0 : 23388, 9, 2022/10/10, 16:19:45.614, 13033136706332, testhost.dll, TcpClientExtensions.MessageLoopAsync: Polling on remoteEndPoint: [::ffff:127.0.0.1]:57321 localEndPoint: [::ffff:127.0.0.1]:57322
TpTrace Information: 0 : 23388, 5, 2022/10/10, 16:19:45.764, 13033138206296, testhost.dll, [xUnit.net 00:00:01.30]   Discovering: Seed.XUnit
TpTrace Verbose: 0 : 23388, 5, 2022/10/10, 16:19:45.764, 13033138209754, testhost.dll, TestRequestHandler.SendData:  sending data from testhost: {"Version":2,"MessageType":"TestSession.Message","Payload":{"MessageLevel":0,"Message":"[xUnit.net 00:00:01.30]   Discovering: Seed.XUnit"}}
TpTrace Information: 0 : 23388, 5, 2022/10/10, 16:19:45.802, 13033138586588, testhost.dll, [xUnit.net 00:00:01.34]   Discovered:  Seed.XUnit
TpTrace Verbose: 0 : 23388, 5, 2022/10/10, 16:19:45.802, 13033138588978, testhost.dll, TestRequestHandler.SendData:  sending data from testhost: {"Version":2,"MessageType":"TestSession.Message","Payload":{"MessageLevel":0,"Message":"[xUnit.net 00:00:01.34]   Discovered:  Seed.XUnit"}}
TpTrace Verbose: 0 : 23388, 5, 2022/10/10, 16:19:45.807, 13033138644161, testhost.dll, BaseRunTests.RunTestInternalWithExecutors: Completed running tests for executor://xunit/VsTestRunner2/netcoreapp
TpTrace Information: 0 : 23388, 5, 2022/10/10, 16:19:45.812, 13033138691903, testhost.dll, Sending test run complete
TpTrace Verbose: 0 : 23388, 5, 2022/10/10, 16:19:45.832, 13033138886723, testhost.dll, TestRequestHandler.SendData:  sending data from testhost: {"Version":2,"MessageType":"TestExecution.Completed","Payload":{"TestRunCompleteArgs":{"TestRunStatistics":{"ExecutedTests":1,"Stats":{"Passed":1}},"IsCanceled":false,"IsAborted":false,"Error":null,"AttachmentSets":[],"ElapsedTimeInRunningTests":"00:00:02.0432229","Metrics":{}},"LastRunTests":{"NewTestResults":[],"TestRunStatistics":{"ExecutedTests":1,"Stats":{"Passed":1}},"ActiveTests":[]},"RunAttachments":[],"ExecutorUris":["executor://mstestadapter/v2"]}}
TpTrace Verbose: 0 : 23388, 5, 2022/10/10, 16:19:45.832, 13033138893788, testhost.dll, BaseRunTests.RunTests: Run is complete.
TpTrace Verbose: 0 : 23388, 9, 2022/10/10, 16:19:45.833, 13033138896782, testhost.dll, TcpClientExtensions.MessageLoopAsync: NotifyDataAvailable remoteEndPoint: [::ffff:127.0.0.1]:57321 localEndPoint: [::ffff:127.0.0.1]:57322
TpTrace Information: 0 : 23388, 9, 2022/10/10, 16:19:45.833, 13033138899441, testhost.dll, TestRequestHandler.ProcessRequests: received message: (TestSession.Terminate) -> null
TpTrace Information: 0 : 23388, 9, 2022/10/10, 16:19:45.833, 13033138900538, testhost.dll, Session End message received from server. Closing the connection.
TpTrace Information: 0 : 23388, 9, 2022/10/10, 16:19:45.833, 13033138905637, testhost.dll, SocketClient.Stop: Stop communication from server endpoint: 127.0.0.1:057321
TpTrace Information: 0 : 23388, 9, 2022/10/10, 16:19:45.834, 13033138906579, testhost.dll, SocketClient: Stop: Cancellation requested. Stopping message loop.
TpTrace Verbose: 0 : 23388, 9, 2022/10/10, 16:19:45.834, 13033138909289, testhost.dll, LengthPrefixCommunicationChannel.Dispose: Dispose reader and writer.
TpTrace Information: 0 : 23388, 9, 2022/10/10, 16:19:45.834, 13033138910642, testhost.dll, Closing the connection !
TpTrace Information: 0 : 23388, 9, 2022/10/10, 16:19:45.834, 13033138914466, testhost.dll, SocketClient.PrivateStop: Stop communication from server endpoint: 127.0.0.1:057321, error:
TpTrace Information: 0 : 23388, 1, 2022/10/10, 16:19:45.835, 13033138921675, testhost.dll, Closing the connection !
TpTrace Verbose: 0 : 23388, 9, 2022/10/10, 16:19:45.835, 13033138922057, testhost.dll, LengthPrefixCommunicationChannel.Dispose: Dispose reader and writer.
TpTrace Information: 0 : 23388, 1, 2022/10/10, 16:19:45.835, 13033138923238, testhost.dll, SocketClient.Stop: Stop communication from server endpoint: 127.0.0.1:057321
TpTrace Verbose: 0 : 23388, 9, 2022/10/10, 16:19:45.835, 13033138923905, testhost.dll, TcpClientExtensions.MessageLoopAsync: exiting MessageLoopAsync remoteEndPoint: [::ffff:127.0.0.1]:57321 localEndPoint: [::ffff:127.0.0.1]:57322
TpTrace Verbose: 0 : 23388, 1, 2022/10/10, 16:19:45.835, 13033138924796, testhost.dll, LengthPrefixCommunicationChannel.Dispose: Dispose reader and writer.
TpTrace Information: 0 : 23388, 1, 2022/10/10, 16:19:45.836, 13033138927308, testhost.dll, Testhost process exiting.
